c:\users\anthony\desktop\kd-tree, octree\kd-tree, octree\debug\vc140.pdb
c:\users\anthony\desktop\kd-tree, octree\kd-tree, octree\debug\vc140.idb
c:\users\anthony\desktop\kd-tree, octree\kd-tree, octree\debug\kd-tree.obj
c:\users\anthony\desktop\kd-tree, octree\kd-tree, octree\debug\octree.obj
c:\users\anthony\desktop\kd-tree, octree\kd-tree, octree\debug\point.obj
c:\users\anthony\desktop\kd-tree, octree\kd-tree, octree\debug\source.obj
c:\users\anthony\desktop\kd-tree, octree\debug\kd-tree, octree.pdb
c:\users\anthony\desktop\kd-tree, octree\kd-tree, octree\debug\kd-tree, octree.tlog\cl.command.1.tlog
c:\users\anthony\desktop\kd-tree, octree\kd-tree, octree\debug\kd-tree, octree.tlog\cl.read.1.tlog
c:\users\anthony\desktop\kd-tree, octree\kd-tree, octree\debug\kd-tree, octree.tlog\cl.write.1.tlog
c:\users\anthony\desktop\kd-tree, octree\kd-tree, octree\debug\kd-tree, octree.tlog\link-cvtres.read.1.tlog
c:\users\anthony\desktop\kd-tree, octree\kd-tree, octree\debug\kd-tree, octree.tlog\link-cvtres.write.1.tlog
c:\users\anthony\desktop\kd-tree, octree\kd-tree, octree\debug\kd-tree, octree.tlog\link-rc.read.1.tlog
c:\users\anthony\desktop\kd-tree, octree\kd-tree, octree\debug\kd-tree, octree.tlog\link-rc.write.1.tlog
c:\users\anthony\desktop\kd-tree, octree\kd-tree, octree\debug\kd-tree, octree.tlog\link.12300-cvtres.read.1.tlog
c:\users\anthony\desktop\kd-tree, octree\kd-tree, octree\debug\kd-tree, octree.tlog\link.12300-cvtres.write.1.tlog
c:\users\anthony\desktop\kd-tree, octree\kd-tree, octree\debug\kd-tree, octree.tlog\link.12300-rc.read.1.tlog
c:\users\anthony\desktop\kd-tree, octree\kd-tree, octree\debug\kd-tree, octree.tlog\link.12300-rc.write.1.tlog
c:\users\anthony\desktop\kd-tree, octree\kd-tree, octree\debug\kd-tree, octree.tlog\link.12300.read.1.tlog
c:\users\anthony\desktop\kd-tree, octree\kd-tree, octree\debug\kd-tree, octree.tlog\link.12300.write.1.tlog
c:\users\anthony\desktop\kd-tree, octree\kd-tree, octree\debug\kd-tree, octree.tlog\link.command.1.tlog
c:\users\anthony\desktop\kd-tree, octree\kd-tree, octree\debug\kd-tree, octree.tlog\link.read.1.tlog
c:\users\anthony\desktop\kd-tree, octree\kd-tree, octree\debug\kd-tree, octree.tlog\link.write.1.tlog
